<?xml version="1.0" encoding="UTF-8"?>
<!-- Generated by org.testng.reporters.JUnitReportReporter -->
<testsuite hostname="LTIN522769" failures="0" tests="1" name="Runner.TestRunner" time="5.829" errors="1" timestamp="2025-01-22T15:48:55 IST" skipped="0">
  <testcase classname="Runner.TestRunner" name="runScenario" time="5.829">
    <error message="Cannot load from object array because &quot;this.data&quot; is null" type="java.lang.NullPointerException">
      <![CDATA[java.lang.NullPointerException: Cannot load from object array because "this.data" is null
at hackthon1.Hack1Methods.initializeDriver(Hack1Methods.java:52)
at hackthon1.BookshelvesSteps.i_have_launched_the_website(BookshelvesSteps.java:26)
at ✽.I have launched the website(file:///C:/Users/2372547/eclipse-workspace/hackthon1/src/test/resources/Features/Bookshelves.feature:7)
]]>
    </error>
  </testcase> <!-- runScenario -->
</testsuite> <!-- Runner.TestRunner -->
