<?xml version="1.0" encoding="UTF-8"?>
<!-- Generated by org.testng.reporters.JUnitXMLReporter -->
<testsuite ignored="0" hostname="LTIN522769" failures="1" tests="1" name="Default test" time="6.417" errors="0" timestamp="2025-01-22T15:48:55 IST">
  <testcase classname="io.cucumber.testng.AbstractTestNGCucumberTests" name="runScenario" time="5.829">
    <failure type="java.lang.NullPointerException" message="Cannot load from object array because &amp;quot;this.data&amp;quot; is null">
      <![CDATA[java.lang.NullPointerException: Cannot load from object array because "this.data" is null
at hackthon1.Hack1Methods.initializeDriver(Hack1Methods.java:52)
at hackthon1.BookshelvesSteps.i_have_launched_the_website(BookshelvesSteps.java:26)
at ✽.I have launched the website(file:///C:/Users/2372547/eclipse-workspace/hackthon1/src/test/resources/Features/Bookshelves.feature:7)
]]>
    </failure>
  </testcase> <!-- runScenario -->
</testsuite> <!-- Default test -->
