<?xml version="1.0" encoding="UTF-8"?>
<!-- Generated by org.testng.reporters.JUnitXMLReporter -->
<testsuite ignored="0" hostname="LTIN522769" failures="0" tests="5" name="Command line test" time="50.873" errors="0" timestamp="2025-01-22T12:49:46 IST">
  <testcase classname="hackthon.Hack1" name="testScrollAndClickBookshelves" time="5.385"/>
  <testcase classname="hackthon.Hack1" name="testHandlePriceSlider" time="4.905"/>
  <testcase classname="hackthon.Hack1" name="testExtractBookshelves" time="3.111"/>
  <testcase classname="hackthon.Hack1" name="testRetrieveSubMenuItems" time="2.227"/>
  <testcase classname="hackthon.Hack1" name="testCaptureErrorMessage" time="25.797"/>
</testsuite> <!-- Command line test -->
