<?xml version="1.0" encoding="UTF-8"?>
<testng-results ignored="0" total="1" passed="1" failed="0" skipped="0">
  <reporter-output>
  </reporter-output>
  <suite started-at="2025-01-16T09:26:58 IST" name="Default suite" finished-at="2025-01-16T09:27:39 IST" duration-ms="41212">
    <groups>
    </groups>
    <test started-at="2025-01-16T09:26:58 IST" name="Default test" finished-at="2025-01-16T09:27:39 IST" duration-ms="41212">
      <class name="miniproject.Miniproject1Test">
        <test-method is-config="true" signature="setupExtent()[pri:0, instance:miniproject.Miniproject1Test@53fb3dab]" started-at="2025-01-16T09:26:57 IST" name="setupExtent" finished-at="2025-01-16T09:26:58 IST" duration-ms="387" status="PASS">
          <reporter-output>
          </reporter-output>
        </test-method> <!-- setupExtent -->
        <test-method is-config="true" signature="setUp()[pri:0, instance:miniproject.Miniproject1Test@53fb3dab]" started-at="2025-01-16T09:26:58 IST" name="setUp" finished-at="2025-01-16T09:27:03 IST" duration-ms="4727" status="PASS">
          <reporter-output>
          </reporter-output>
        </test-method> <!-- setUp -->
        <test-method signature="testPepperfry()[pri:0, instance:miniproject.Miniproject1Test@53fb3dab]" started-at="2025-01-16T09:27:03 IST" name="testPepperfry" finished-at="2025-01-16T09:27:39 IST" duration-ms="36432" status="PASS">
          <reporter-output>
          </reporter-output>
        </test-method> <!-- testPepperfry -->
        <test-method is-config="true" signature="tearDown()[pri:0, instance:miniproject.Miniproject1Test@53fb3dab]" started-at="2025-01-16T09:27:39 IST" name="tearDown" finished-at="2025-01-16T09:27:39 IST" duration-ms="0" status="PASS">
          <reporter-output>
          </reporter-output>
        </test-method> <!-- tearDown -->
        <test-method is-config="true" signature="tearDownExtent()[pri:0, instance:miniproject.Miniproject1Test@53fb3dab]" started-at="2025-01-16T09:27:39 IST" name="tearDownExtent" finished-at="2025-01-16T09:27:39 IST" duration-ms="363" status="PASS">
          <reporter-output>
          </reporter-output>
        </test-method> <!-- tearDownExtent -->
      </class> <!-- miniproject.Miniproject1Test -->
    </test> <!-- Default test -->
  </suite> <!-- Default suite -->
</testng-results>
