<?xml version="1.0" encoding="UTF-8"?>
<testng-results ignored="0" total="1" passed="0" failed="1" skipped="0">
  <reporter-output>
  </reporter-output>
  <suite started-at="2025-01-22T15:48:49 IST" name="Default suite" finished-at="2025-01-22T15:48:55 IST" duration-ms="6417">
    <groups>
      <group name="cucumber">
        <method signature="AbstractTestNGCucumberTests.runScenario(io.cucumber.testng.PickleWrapper,io.cucumber.testng.FeatureWrapper)[pri:0, instance:Runner.TestRunner@72bc6553]" name="runScenario" class="io.cucumber.testng.AbstractTestNGCucumberTests"/>
      </group> <!-- cucumber -->
    </groups>
    <test started-at="2025-01-22T15:48:49 IST" name="Default test" finished-at="2025-01-22T15:48:55 IST" duration-ms="6417">
      <class name="Runner.TestRunner">
        <test-method is-config="true" signature="setUpClass(org.testng.ITestContext)[pri:0, instance:Runner.TestRunner@72bc6553]" started-at="2025-01-22T15:48:49 IST" name="setUpClass" finished-at="2025-01-22T15:48:49 IST" duration-ms="507" status="PASS">
          <params>
            <param index="0">
              <value>
                <![CDATA[org.testng.TestRunner@7573b9ee]]>
              </value>
            </param>
          </params>
          <reporter-output>
          </reporter-output>
        </test-method> <!-- setUpClass -->
        <test-method signature="runScenario(io.cucumber.testng.PickleWrapper,io.cucumber.testng.FeatureWrapper)[pri:0, instance:Runner.TestRunner@72bc6553]" started-at="2025-01-22T15:48:49 IST" name="runScenario" description="Runs Cucumber Scenarios" data-provider="scenarios" finished-at="2025-01-22T15:48:55 IST" duration-ms="5829" status="FAIL">
          <params>
            <param index="0">
              <value>
                <![CDATA["Search for bookshelves within price range"]]>
              </value>
            </param>
            <param index="1">
              <value>
                <![CDATA["Bookshelves Search and Filter"]]>
              </value>
            </param>
          </params>
          <exception class="java.lang.NullPointerException">
            <message>
              <![CDATA[Cannot load from object array because "this.data" is null]]>
            </message>
            <full-stacktrace>
              <![CDATA[java.lang.NullPointerException: Cannot load from object array because "this.data" is null
at hackthon1.Hack1Methods.initializeDriver(Hack1Methods.java:52)
at hackthon1.BookshelvesSteps.i_have_launched_the_website(BookshelvesSteps.java:26)
at ✽.I have launched the website(file:///C:/Users/2372547/eclipse-workspace/hackthon1/src/test/resources/Features/Bookshelves.feature:7)
]]>
            </full-stacktrace>
          </exception> <!-- java.lang.NullPointerException -->
          <reporter-output>
          </reporter-output>
        </test-method> <!-- runScenario -->
        <test-method is-config="true" signature="tearDownClass()[pri:0, instance:Runner.TestRunner@72bc6553]" started-at="2025-01-22T15:48:55 IST" name="tearDownClass" finished-at="2025-01-22T15:48:55 IST" duration-ms="36" status="PASS">
          <reporter-output>
          </reporter-output>
        </test-method> <!-- tearDownClass -->
      </class> <!-- Runner.TestRunner -->
    </test> <!-- Default test -->
  </suite> <!-- Default suite -->
</testng-results>
