<?xml version="1.0" encoding="UTF-8"?>
<testng-results ignored="0" total="5" passed="5" failed="0" skipped="0">
  <reporter-output>
  </reporter-output>
  <suite started-at="2025-01-22T12:48:56 IST" name="Command line suite" finished-at="2025-01-22T12:49:46 IST" duration-ms="50873">
    <groups>
    </groups>
    <test started-at="2025-01-22T12:48:56 IST" name="Command line test" finished-at="2025-01-22T12:49:46 IST" duration-ms="50873">
      <class name="hackthon.Hack1">
        <test-method is-config="true" signature="setUp()[pri:0, instance:hackthon.Hack1@6a192cfe]" started-at="2025-01-22T12:48:56 IST" name="setUp" finished-at="2025-01-22T12:49:04 IST" duration-ms="8302" status="PASS">
          <reporter-output>
          </reporter-output>
        </test-method> <!-- setUp -->
        <test-method signature="testScrollAndClickBookshelves()[pri:1, instance:hackthon.Hack1@6a192cfe]" started-at="2025-01-22T12:49:04 IST" name="testScrollAndClickBookshelves" finished-at="2025-01-22T12:49:09 IST" duration-ms="5385" status="PASS">
          <reporter-output>
          </reporter-output>
        </test-method> <!-- testScrollAndClickBookshelves -->
        <test-method signature="testHandlePriceSlider()[pri:2, instance:hackthon.Hack1@6a192cfe]" started-at="2025-01-22T12:49:09 IST" name="testHandlePriceSlider" finished-at="2025-01-22T12:49:14 IST" duration-ms="4905" status="PASS">
          <reporter-output>
          </reporter-output>
        </test-method> <!-- testHandlePriceSlider -->
        <test-method signature="testExtractBookshelves()[pri:3, instance:hackthon.Hack1@6a192cfe]" started-at="2025-01-22T12:49:14 IST" name="testExtractBookshelves" finished-at="2025-01-22T12:49:17 IST" duration-ms="3111" status="PASS">
          <reporter-output>
          </reporter-output>
        </test-method> <!-- testExtractBookshelves -->
        <test-method signature="testRetrieveSubMenuItems()[pri:4, instance:hackthon.Hack1@6a192cfe]" started-at="2025-01-22T12:49:17 IST" name="testRetrieveSubMenuItems" finished-at="2025-01-22T12:49:20 IST" duration-ms="2227" status="PASS">
          <reporter-output>
          </reporter-output>
        </test-method> <!-- testRetrieveSubMenuItems -->
        <test-method signature="testCaptureErrorMessage()[pri:5, instance:hackthon.Hack1@6a192cfe]" started-at="2025-01-22T12:49:20 IST" name="testCaptureErrorMessage" finished-at="2025-01-22T12:49:45 IST" duration-ms="25797" status="PASS">
          <reporter-output>
          </reporter-output>
        </test-method> <!-- testCaptureErrorMessage -->
        <test-method is-config="true" signature="tearDown()[pri:0, instance:hackthon.Hack1@6a192cfe]" started-at="2025-01-22T12:49:45 IST" name="tearDown" finished-at="2025-01-22T12:49:46 IST" duration-ms="1099" status="PASS">
          <reporter-output>
          </reporter-output>
        </test-method> <!-- tearDown -->
      </class> <!-- hackthon.Hack1 -->
    </test> <!-- Command line test -->
  </suite> <!-- Command line suite -->
</testng-results>
